<?xml version="1.0" encoding="UTF-8"?>
<!-- Generated by org.testng.reporters.JUnitReportReporter -->
<testsuite hostname="Barath-Laptop" failures="0" tests="3" name="com.TestNG.Ignoretest$SimpleAnnotation" time="0.028" errors="0" timestamp="2022-07-06T19:34:51 IST" skipped="1">
  <testcase classname="com.TestNG.Ignoretest$SimpleAnnotation" name="tshirt" time="0.003"/>
  <system-out/>
  <testcase classname="com.TestNG.Ignoretest$SimpleAnnotation" name="dresses" time="0.025"/>
  <system-out/>
  <testcase classname="com.TestNG.Ignoretest$SimpleAnnotation" name="women">
    <skipped/>
  </testcase> <!-- women -->
  <system-out/>
</testsuite> <!-- com.TestNG.Ignoretest$SimpleAnnotation -->
