<?xml version="1.0" encoding="UTF-8"?>
<!-- Generated by org.testng.reporters.JUnitReportReporter -->
<testsuite hostname="Barath-Laptop" failures="0" tests="3" name="com.TestNG.DependanceTest" time="0.028" errors="0" timestamp="2022-07-15T10:18:51 IST" skipped="0">
  <testcase classname="com.TestNG.DependanceTest" name="url" time="0.002"/>
  <system-out/>
  <testcase classname="com.TestNG.DependanceTest" name="driver1" time="0.023"/>
  <system-out/>
  <testcase classname="com.TestNG.DependanceTest" name="browser" time="0.003"/>
  <system-out/>
</testsuite> <!-- com.TestNG.DependanceTest -->
