<?xml version="1.0" encoding="UTF-8"?>
<!-- Generated by org.testng.reporters.JUnitReportReporter -->
<testsuite hostname="Barath-Laptop" failures="0" tests="9" name="com.TestNG.GroupTesting" time="0.034" errors="0" timestamp="2022-07-14T01:48:44 IST" skipped="0">
  <testcase classname="com.TestNG.GroupTesting" name="samsung" time="0.001"/>
  <system-out/>
  <testcase classname="com.TestNG.GroupTesting" name="Clogs" time="0.020"/>
  <system-out/>
  <testcase classname="com.TestNG.GroupTesting" name="slides" time="0.001"/>
  <system-out/>
  <testcase classname="com.TestNG.GroupTesting" name="blackberry" time="0.004"/>
  <system-out/>
  <testcase classname="com.TestNG.GroupTesting" name="jeans" time="0.002"/>
  <system-out/>
  <testcase classname="com.TestNG.GroupTesting" name="leggings" time="0.001"/>
  <system-out/>
  <testcase classname="com.TestNG.GroupTesting" name="iphone" time="0.001"/>
  <system-out/>
  <testcase classname="com.TestNG.GroupTesting" name="shoes" time="0.003"/>
  <system-out/>
  <testcase classname="com.TestNG.GroupTesting" name="tshirt" time="0.001"/>
  <system-out/>
</testsuite> <!-- com.TestNG.GroupTesting -->
