<?xml version="1.0" encoding="UTF-8"?>
<!-- Generated by org.testng.reporters.JUnitReportReporter -->
<testsuite hostname="Barath-Laptop" failures="0" tests="2" name="com.TestNG.ParallelTest" time="25.390" errors="0" timestamp="2022-07-15T10:22:31 IST" skipped="0">
  <testcase classname="com.TestNG.ParallelTest" name="flipkart" time="10.411"/>
  <system-out/>
  <testcase classname="com.TestNG.ParallelTest" name="amazon" time="14.979"/>
  <system-out/>
</testsuite> <!-- com.TestNG.ParallelTest -->
