<?xml version="1.0" encoding="UTF-8"?>
<!-- Generated by org.testng.reporters.JUnitReportReporter -->
<testsuite hostname="Barath-Laptop" failures="0" tests="2" name="com.TestNG.CrossBrowserTesting" time="27.335" errors="0" timestamp="2022-07-15T10:34:53 IST" skipped="0">
  <testcase classname="com.TestNG.CrossBrowserTesting" name="getBrowser" time="15.675"/>
  <system-out/>
  <testcase classname="com.TestNG.CrossBrowserTesting" name="getBrowser" time="11.660"/>
  <system-out/>
</testsuite> <!-- com.TestNG.CrossBrowserTesting -->
