<?xml version="1.0" encoding="UTF-8"?>
<!-- Generated by org.testng.reporters.JUnitReportReporter -->
<testsuite hostname="Barath-Laptop" failures="0" tests="1" name="com.TestNG.Ignoretest" time="0.023" errors="0" timestamp="2022-07-14T00:27:56 IST" skipped="0">
  <testcase classname="com.TestNG.Ignoretest" name="tshirt" time="0.023"/>
  <system-out/>
</testsuite> <!-- com.TestNG.Ignoretest -->
