<?xml version="1.0" encoding="UTF-8"?>
<!-- Generated by org.testng.reporters.JUnitReportReporter -->
<testsuite hostname="Barath-Laptop" failures="0" tests="1" name="com.TestNG.ParameterizedTesting" time="0.070" errors="0" timestamp="2022-07-14T20:25:29 IST" skipped="0">
  <testcase classname="com.TestNG.ParameterizedTesting" name="credentials" time="0.070"/>
  <system-out/>
</testsuite> <!-- com.TestNG.ParameterizedTesting -->
