<?xml version="1.0" encoding="UTF-8"?>
<!-- Generated by org.testng.reporters.JUnitReportReporter -->
<testsuite hostname="Barath-Laptop" failures="0" tests="3" name="com.TestNG.PriorityTesting" time="0.025" errors="0" timestamp="2022-07-14T00:17:30 IST" skipped="0">
  <testcase classname="com.TestNG.PriorityTesting" name="myntra" time="0.021"/>
  <system-out/>
  <testcase classname="com.TestNG.PriorityTesting" name="flipkart" time="0.002"/>
  <system-out/>
  <testcase classname="com.TestNG.PriorityTesting" name="amazon" time="0.002"/>
  <system-out/>
</testsuite> <!-- com.TestNG.PriorityTesting -->
